\BOOKMARK [1][-]{section.1}{Introduction}{}% 1
\BOOKMARK [1][-]{section.2}{Organization and Description of Data}{}% 2
\BOOKMARK [2][-]{subsection.2.1}{Main Types of Data}{section.2}% 3
\BOOKMARK [2][-]{subsection.2.2}{Describing Data by Tables and Graphs}{section.2}% 4
\BOOKMARK [2][-]{subsection.2.3}{Measures of Center}{section.2}% 5
\BOOKMARK [2][-]{subsection.2.4}{Measures of Variation}{section.2}% 6
\BOOKMARK [3][-]{subsubsection.2.4.1}{Deviation}{subsection.2.4}% 7
\BOOKMARK [3][-]{subsubsection.2.4.2}{Sample Variance and Sample Standard Deviation}{subsection.2.4}% 8
\BOOKMARK [3][-]{subsubsection.2.4.3}{Population Mean and Sample Mean}{subsection.2.4}% 9
\BOOKMARK [3][-]{subsubsection.2.4.4}{Other Measure of Variation}{subsection.2.4}% 10
\BOOKMARK [1][-]{section.3}{Descriptive Study of Bivariate Data}{}% 11
\BOOKMARK [2][-]{subsection.3.1}{Simpson's Paradox}{section.3}% 12
\BOOKMARK [2][-]{subsection.3.2}{Scatter Diagram of Bivariate Measurement Data}{section.3}% 13
\BOOKMARK [2][-]{subsection.3.3}{The Correlation Coefficient - A Measure of Linear Relation}{section.3}% 14
\BOOKMARK [3][-]{subsubsection.3.3.1}{Calculation of bold0mu mumu rrrrrr}{subsection.3.3}% 15
\BOOKMARK [3][-]{subsubsection.3.3.2}{Population Correlation Coefficient\(bold0mu mumu \) and Sample Correlation Coefficient\(bold0mu mumu rrrrrr\)}{subsection.3.3}% 16
\BOOKMARK [3][-]{subsubsection.3.3.3}{Correlation and Caution}{subsection.3.3}% 17
\BOOKMARK [1][-]{section.4}{Probability}{}% 18
\BOOKMARK [2][-]{subsection.4.1}{Probability of an Event}{section.4}% 19
\BOOKMARK [2][-]{subsection.4.2}{Methods of Assigning Probability}{section.4}% 20
\BOOKMARK [3][-]{subsubsection.4.2.1}{Equally Likely Elementary Outcomes\137 The Uniform Probability Model}{subsection.4.2}% 21
\BOOKMARK [3][-]{subsubsection.4.2.2}{Probability as The Long-Run Relative Frequency}{subsection.4.2}% 22
\BOOKMARK [2][-]{subsection.4.3}{Event Relation and Two Laws of Probability}{section.4}% 23
\BOOKMARK [2][-]{section*.2}{4.* \040 Axioms of Probability}{section.4}% 24
\BOOKMARK [2][-]{subsection.4.4}{Conditional Probability and Independence}{section.4}% 25
\BOOKMARK [2][-]{subsection.4.5}{Bayes' Theorem}{section.4}% 26
\BOOKMARK [1][-]{section.5}{Probability Distributions}{}% 27
\BOOKMARK [2][-]{subsection.5.1}{Random Variables}{section.5}% 28
\BOOKMARK [2][-]{subsection.5.2}{Probability Distribution of a Discrete Random Variable}{section.5}% 29
\BOOKMARK [2][-]{subsection.5.3}{Expectation\(Mean\) and Standard Deviation of a Probability Distribution}{section.5}% 30
\BOOKMARK [2][-]{subsection.5.4}{Successes and Failures - Bernoulli Trails}{section.5}% 31
\BOOKMARK [3][-]{subsubsection.5.4.1}{Bernoulli Trials}{subsection.5.4}% 32
\BOOKMARK [3][-]{subsubsection.5.4.2}{Bernoulli Random Variable}{subsection.5.4}% 33
\BOOKMARK [2][-]{subsection.5.5}{The Binomial Distribution}{section.5}% 34
\BOOKMARK [3][-]{subsubsection.5.5.1}{The Mean and Standard Deviation of the Binomial Distribution}{subsection.5.5}% 35
\BOOKMARK [2][-]{subsection.5.6}{Covariance and Correlation Coefficient of Two Random Variables X, Y}{section.5}% 36
\BOOKMARK [1][-]{section.6}{The Normal Distribution}{}% 37
\BOOKMARK [2][-]{subsection.6.1}{Probability Model for a Continuous Random Variable}{section.6}% 38
\BOOKMARK [2][-]{subsection.6.2}{The Normal Distribution - Its General Features}{section.6}% 39
\BOOKMARK [2][-]{subsection.6.3}{The Standard Normal Distribution}{section.6}% 40
\BOOKMARK [2][-]{subsection.6.4}{Probability Calculations with Normal Distributions}{section.6}% 41
\BOOKMARK [2][-]{subsection.6.5}{The Normal Approximation to the Binomial}{section.6}% 42
\BOOKMARK [1][-]{section.7}{Variation in Repeated Samples - Sampling Distributions}{}% 43
\BOOKMARK [2][-]{subsection.7.1}{The Sampling Distribution of a Statistic}{section.7}% 44
\BOOKMARK [2][-]{subsection.7.2}{Distribution of the Sample Mean and the Central Limit Theorem}{section.7}% 45
\BOOKMARK [1][-]{section.8}{Drawing Inferences from Large Samples}{}% 46
\BOOKMARK [2][-]{subsection.8.1}{Introduction}{section.8}% 47
\BOOKMARK [2][-]{subsection.8.2}{Point Estimation of a Population Mean}{section.8}% 48
\BOOKMARK [2][-]{subsection.8.3}{Confidence Interval for a Population Mean}{section.8}% 49
\BOOKMARK [2][-]{subsection.8.4}{Testing Hypotheses about a Population Mean}{section.8}% 50
\BOOKMARK [2][-]{subsection.8.5}{Inferences about a Population Mean}{section.8}% 51
\BOOKMARK [1][-]{section.9}{Small Sample Inferences for Normal Populations}{}% 52
\BOOKMARK [2][-]{subsection.9.1}{Unbiased Estimators}{section.9}% 53
\BOOKMARK [2][-]{subsection.9.2}{Student's t Distribution}{section.9}% 54
\BOOKMARK [2][-]{subsection.9.3}{Inferences about \040- Small Sample Size}{section.9}% 55
\BOOKMARK [3][-]{subsubsection.9.3.1}{Confidence Interval for }{subsection.9.3}% 56
\BOOKMARK [3][-]{subsubsection.9.3.2}{Hypothesis Tests for }{subsection.9.3}% 57
\BOOKMARK [2][-]{subsection.9.4}{Relationship between Tests and Confidence Intervals}{section.9}% 58
\BOOKMARK [2][-]{subsection.9.5}{Inferences about the Standard Deviation \040\(The 2 Distribution\)}{section.9}% 59
\BOOKMARK [2][-]{subsection.9.6}{Robustness of Inference Procedures}{section.9}% 60
